<?xml version="1.0" encoding="UTF-8"?>
<testng-results ignored="1" total="3" passed="2" failed="0" skipped="0">
  <reporter-output>
  </reporter-output>
  <suite started-at="2020-11-10T09:43:00 BRT" name="Default suite" finished-at="2020-11-10T09:43:00 BRT" duration-ms="101">
    <groups>
    </groups>
    <test started-at="2020-11-10T09:43:00 BRT" name="Default test" finished-at="2020-11-10T09:43:00 BRT" duration-ms="101">
      <class name="projeto.testeng.tests.Tests">
        <test-method is-config="true" signature="beforeTest()[pri:0, instance:projeto.testeng.tests.Tests@63a65a25]" started-at="2020-11-10T09:43:00 BRT" name="beforeTest" finished-at="2020-11-10T09:43:00 BRT" duration-ms="24" status="PASS">
          <reporter-output>
          </reporter-output>
        </test-method> <!-- beforeTest -->
        <test-method is-config="true" signature="before()[pri:0, instance:projeto.testeng.tests.Tests@63a65a25]" started-at="2020-11-10T09:43:00 BRT" name="before" finished-at="2020-11-10T09:43:00 BRT" duration-ms="1" status="PASS">
          <reporter-output>
          </reporter-output>
        </test-method> <!-- before -->
        <test-method is-config="true" signature="beforeMethod()[pri:0, instance:projeto.testeng.tests.Tests@63a65a25]" started-at="2020-11-10T09:43:00 BRT" name="beforeMethod" finished-at="2020-11-10T09:43:00 BRT" duration-ms="1" status="PASS">
          <reporter-output>
          </reporter-output>
        </test-method> <!-- beforeMethod -->
        <test-method signature="test2()[pri:0, instance:projeto.testeng.tests.Tests@63a65a25]" started-at="2020-11-10T09:43:00 BRT" name="test2" finished-at="2020-11-10T09:43:00 BRT" duration-ms="10" status="PASS">
          <reporter-output>
          </reporter-output>
        </test-method> <!-- test2 -->
        <test-method is-config="true" signature="afterMethod()[pri:0, instance:projeto.testeng.tests.Tests@63a65a25]" started-at="2020-11-10T09:43:00 BRT" name="afterMethod" finished-at="2020-11-10T09:43:00 BRT" duration-ms="1" status="PASS">
          <reporter-output>
          </reporter-output>
        </test-method> <!-- afterMethod -->
        <test-method signature="test3()[pri:0, instance:projeto.testeng.tests.Tests@63a65a25]" started-at="2020-11-10T09:43:00 BRT" name="test3" finished-at="2020-11-10T09:43:00 BRT" duration-ms="4" status="PASS">
          <reporter-output>
          </reporter-output>
        </test-method> <!-- test3 -->
        <test-method is-config="true" signature="beforeMethod()[pri:0, instance:projeto.testeng.tests.Tests@63a65a25]" started-at="2020-11-10T09:43:00 BRT" name="beforeMethod" finished-at="2020-11-10T09:43:00 BRT" duration-ms="0" status="PASS">
          <reporter-output>
          </reporter-output>
        </test-method> <!-- beforeMethod -->
        <test-method is-config="true" signature="afterMethod()[pri:0, instance:projeto.testeng.tests.Tests@63a65a25]" started-at="2020-11-10T09:43:00 BRT" name="afterMethod" finished-at="2020-11-10T09:43:00 BRT" duration-ms="1" status="PASS">
          <reporter-output>
          </reporter-output>
        </test-method> <!-- afterMethod -->
        <test-method is-config="true" signature="after()[pri:0, instance:projeto.testeng.tests.Tests@63a65a25]" started-at="2020-11-10T09:43:00 BRT" name="after" finished-at="2020-11-10T09:43:00 BRT" duration-ms="0" status="PASS">
          <reporter-output>
          </reporter-output>
        </test-method> <!-- after -->
        <test-method is-config="true" signature="afterTest()[pri:0, instance:projeto.testeng.tests.Tests@63a65a25]" started-at="2020-11-10T09:43:00 BRT" name="afterTest" finished-at="2020-11-10T09:43:00 BRT" duration-ms="1" status="PASS">
          <reporter-output>
          </reporter-output>
        </test-method> <!-- afterTest -->
      </class> <!-- projeto.testeng.tests.Tests -->
    </test> <!-- Default test -->
  </suite> <!-- Default suite -->
</testng-results>
