<?xml version="1.0" encoding="UTF-8"?>
<testng-results ignored="0" total="8" passed="8" failed="0" skipped="0">
  <reporter-output>
  </reporter-output>
  <suite started-at="2020-11-10T13:22:10 BRT" name="Suite Test Udemy" finished-at="2020-11-10T13:22:10 BRT" duration-ms="107">
    <groups>
      <group name="integracao">
        <method signature="TestClass2.secondTestClass2()[pri:0, instance:projeto.testeng.tests.TestClass2@3c9d0b9d]" name="secondTestClass2" class="projeto.testeng.tests.TestClass2"/>
        <method signature="TestClass2.thirdTestClass2()[pri:0, instance:projeto.testeng.tests.TestClass2@3c9d0b9d]" name="thirdTestClass2" class="projeto.testeng.tests.TestClass2"/>
        <method signature="TestClassNew.secondTestPackage2()[pri:0, instance:projeto.testeng.newtests.TestClassNew@43301423]" name="secondTestPackage2" class="projeto.testeng.newtests.TestClassNew"/>
        <method signature="TestClassNew.thirdTestPackage2()[pri:0, instance:projeto.testeng.newtests.TestClassNew@43301423]" name="thirdTestPackage2" class="projeto.testeng.newtests.TestClassNew"/>
      </group> <!-- integracao -->
      <group name="unitario">
        <method signature="TestClass2.firstTestClass2()[pri:0, instance:projeto.testeng.tests.TestClass2@3c9d0b9d]" name="firstTestClass2" class="projeto.testeng.tests.TestClass2"/>
        <method signature="TestClass2.fourthTestClass2()[pri:0, instance:projeto.testeng.tests.TestClass2@3c9d0b9d]" name="fourthTestClass2" class="projeto.testeng.tests.TestClass2"/>
        <method signature="TestClassNew.firstTestPackage2()[pri:0, instance:projeto.testeng.newtests.TestClassNew@43301423]" name="firstTestPackage2" class="projeto.testeng.newtests.TestClassNew"/>
        <method signature="TestClassNew.fourthTestPackage2()[pri:0, instance:projeto.testeng.newtests.TestClassNew@43301423]" name="fourthTestPackage2" class="projeto.testeng.newtests.TestClassNew"/>
      </group> <!-- unitario -->
    </groups>
    <test started-at="2020-11-10T13:22:10 BRT" name="Testes do Listener" finished-at="2020-11-10T13:22:10 BRT" duration-ms="107">
      <class name="projeto.testeng.tests.TestClass2">
        <test-method is-config="true" signature="BeforeClass2()[pri:0, instance:projeto.testeng.tests.TestClass2@3c9d0b9d]" started-at="2020-11-10T13:22:10 BRT" name="BeforeClass2" finished-at="2020-11-10T13:22:10 BRT" duration-ms="7" status="PASS">
          <reporter-output>
          </reporter-output>
        </test-method> <!-- BeforeClass2 -->
        <test-method signature="firstTestClass2()[pri:0, instance:projeto.testeng.tests.TestClass2@3c9d0b9d]" started-at="2020-11-10T13:22:10 BRT" name="firstTestClass2" finished-at="2020-11-10T13:22:10 BRT" duration-ms="6" status="PASS">
          <reporter-output>
          </reporter-output>
        </test-method> <!-- firstTestClass2 -->
        <test-method signature="fourthTestClass2()[pri:0, instance:projeto.testeng.tests.TestClass2@3c9d0b9d]" started-at="2020-11-10T13:22:10 BRT" name="fourthTestClass2" finished-at="2020-11-10T13:22:10 BRT" duration-ms="4" status="PASS">
          <reporter-output>
          </reporter-output>
        </test-method> <!-- fourthTestClass2 -->
        <test-method signature="secondTestClass2()[pri:0, instance:projeto.testeng.tests.TestClass2@3c9d0b9d]" started-at="2020-11-10T13:22:10 BRT" name="secondTestClass2" finished-at="2020-11-10T13:22:10 BRT" duration-ms="6" status="PASS">
          <reporter-output>
          </reporter-output>
        </test-method> <!-- secondTestClass2 -->
        <test-method signature="thirdTestClass2()[pri:0, instance:projeto.testeng.tests.TestClass2@3c9d0b9d]" started-at="2020-11-10T13:22:10 BRT" name="thirdTestClass2" finished-at="2020-11-10T13:22:10 BRT" duration-ms="3" status="PASS">
          <reporter-output>
          </reporter-output>
        </test-method> <!-- thirdTestClass2 -->
        <test-method is-config="true" signature="afterClass2()[pri:0, instance:projeto.testeng.tests.TestClass2@3c9d0b9d]" started-at="2020-11-10T13:22:10 BRT" name="afterClass2" finished-at="2020-11-10T13:22:10 BRT" duration-ms="1" status="PASS">
          <reporter-output>
          </reporter-output>
        </test-method> <!-- afterClass2 -->
      </class> <!-- projeto.testeng.tests.TestClass2 -->
      <class name="projeto.testeng.newtests.TestClassNew">
        <test-method is-config="true" signature="BeforePackage2()[pri:0, instance:projeto.testeng.newtests.TestClassNew@43301423]" started-at="2020-11-10T13:22:10 BRT" name="BeforePackage2" finished-at="2020-11-10T13:22:10 BRT" duration-ms="0" status="PASS">
          <reporter-output>
          </reporter-output>
        </test-method> <!-- BeforePackage2 -->
        <test-method signature="firstTestPackage2()[pri:0, instance:projeto.testeng.newtests.TestClassNew@43301423]" started-at="2020-11-10T13:22:10 BRT" name="firstTestPackage2" finished-at="2020-11-10T13:22:10 BRT" duration-ms="5" status="PASS">
          <reporter-output>
          </reporter-output>
        </test-method> <!-- firstTestPackage2 -->
        <test-method signature="fourthTestPackage2()[pri:0, instance:projeto.testeng.newtests.TestClassNew@43301423]" started-at="2020-11-10T13:22:10 BRT" name="fourthTestPackage2" finished-at="2020-11-10T13:22:10 BRT" duration-ms="2" status="PASS">
          <reporter-output>
          </reporter-output>
        </test-method> <!-- fourthTestPackage2 -->
        <test-method signature="secondTestPackage2()[pri:0, instance:projeto.testeng.newtests.TestClassNew@43301423]" started-at="2020-11-10T13:22:10 BRT" name="secondTestPackage2" finished-at="2020-11-10T13:22:10 BRT" duration-ms="2" status="PASS">
          <reporter-output>
          </reporter-output>
        </test-method> <!-- secondTestPackage2 -->
        <test-method signature="thirdTestPackage2()[pri:0, instance:projeto.testeng.newtests.TestClassNew@43301423]" started-at="2020-11-10T13:22:10 BRT" name="thirdTestPackage2" finished-at="2020-11-10T13:22:10 BRT" duration-ms="2" status="PASS">
          <reporter-output>
          </reporter-output>
        </test-method> <!-- thirdTestPackage2 -->
        <test-method is-config="true" signature="afterPackages2()[pri:0, instance:projeto.testeng.newtests.TestClassNew@43301423]" started-at="2020-11-10T13:22:10 BRT" name="afterPackages2" finished-at="2020-11-10T13:22:10 BRT" duration-ms="1" status="PASS">
          <reporter-output>
          </reporter-output>
        </test-method> <!-- afterPackages2 -->
      </class> <!-- projeto.testeng.newtests.TestClassNew -->
    </test> <!-- Testes do Listener -->
  </suite> <!-- Suite Test Udemy -->
</testng-results>
