<?xml version="1.0" encoding="UTF-8"?>
<!-- Generated by org.testng.reporters.JUnitXMLReporter -->
<testsuite ignored="0" hostname="DESKTOP-O24RFCS" failures="0" tests="3" name="Suite de camada de Testes" time="17.863" errors="0" timestamp="2020-11-11T09:12:31 BRT">
  <testcase classname="projeto.udemy.tests.TestNg" name="login" time="1.997"/>
  <testcase classname="projeto.udemy.tests.TestNg" name="register" time="4.503"/>
  <testcase classname="projeto.udemy.tests.TestNg" name="reserveFlights" time="2.449"/>
</testsuite> <!-- Suite de camada de Testes -->
