<?xml version="1.0" encoding="UTF-8"?>
<!-- Generated by org.testng.reporters.JUnitXMLReporter -->
<testsuite ignored="0" hostname="DESKTOP-O24RFCS" failures="0" tests="12" name="Plano de pacote 1 e pacote 2" time="0.141" errors="0" timestamp="2020-11-10T11:44:49 BRT">
  <testcase classname="projeto.testeng.tests.TestClass2" name="firstTestClass2" time="0.0"/>
  <testcase classname="projeto.testeng.tests.TestClass2" name="fourthTestClass2" time="0.002"/>
  <testcase classname="projeto.testeng.tests.TestClass2" name="secondTestClass2" time="0.005"/>
  <testcase classname="projeto.testeng.tests.TestClass2" name="thirdTestClass2" time="0.005"/>
  <testcase classname="projeto.testeng.newtests.TestClassNew" name="firstTestPackage2" time="0.001"/>
  <testcase classname="projeto.testeng.newtests.TestClassNew" name="fourthTestPackage2" time="0.001"/>
  <testcase classname="projeto.testeng.newtests.TestClassNew" name="secondTestPackage2" time="0.002"/>
  <testcase classname="projeto.testeng.newtests.TestClassNew" name="thirdTestPackage2" time="0.001"/>
  <testcase classname="projeto.testeng.returntest.TestsReturn" name="grettings" time="0.006"/>
  <testcase classname="projeto.testeng.returntest.TestsReturn" name="test3ClassReturn" time="0.006"/>
  <testcase classname="projeto.testeng.returntest.TestsReturn" name="test4ClassReturn" time="0.016"/>
  <testcase classname="projeto.testeng.returntest.TestsReturn" name="trueOrFalse" time="0.009"/>
</testsuite> <!-- Plano de pacote 1 e pacote 2 -->
