<?xml version="1.0" encoding="UTF-8"?>
<!-- Generated by org.testng.reporters.JUnitXMLReporter -->
<testsuite ignored="0" hostname="DESKTOP-O24RFCS" failures="0" tests="8" name="Testes do Listener" time="0.107" errors="0" timestamp="2020-11-10T13:22:10 BRT">
  <testcase classname="projeto.testeng.tests.TestClass2" name="firstTestClass2" time="0.006"/>
  <testcase classname="projeto.testeng.tests.TestClass2" name="fourthTestClass2" time="0.004"/>
  <testcase classname="projeto.testeng.tests.TestClass2" name="secondTestClass2" time="0.006"/>
  <testcase classname="projeto.testeng.tests.TestClass2" name="thirdTestClass2" time="0.003"/>
  <testcase classname="projeto.testeng.newtests.TestClassNew" name="firstTestPackage2" time="0.005"/>
  <testcase classname="projeto.testeng.newtests.TestClassNew" name="fourthTestPackage2" time="0.002"/>
  <testcase classname="projeto.testeng.newtests.TestClassNew" name="secondTestPackage2" time="0.002"/>
  <testcase classname="projeto.testeng.newtests.TestClassNew" name="thirdTestPackage2" time="0.002"/>
</testsuite> <!-- Testes do Listener -->
