<?xml version="1.0" encoding="UTF-8"?>
<!-- Generated by org.testng.reporters.JUnitXMLReporter -->
<testsuite ignored="0" hostname="DESKTOP-O24RFCS" failures="0" tests="7" name="Testes do pacote 1" time="0.091" errors="0" timestamp="2020-11-10T11:44:49 BRT">
  <testcase classname="projeto.testeng.tests.TestClass2" name="firstTestClass2" time="0.008"/>
  <testcase classname="projeto.testeng.tests.TestClass2" name="fourthTestClass2" time="0.005"/>
  <testcase classname="projeto.testeng.tests.TestClass2" name="secondTestClass2" time="0.003"/>
  <testcase classname="projeto.testeng.tests.TestClass2" name="thirdTestClass2" time="0.004"/>
  <testcase classname="projeto.testeng.tests.Tests" name="test" time="0.001"/>
  <testcase classname="projeto.testeng.tests.Tests" name="test2" time="0.001"/>
  <testcase classname="projeto.testeng.tests.Tests" name="test3" time="0.002"/>
</testsuite> <!-- Testes do pacote 1 -->
