<?xml version="1.0" encoding="UTF-8"?>
<!-- Generated by org.testng.reporters.JUnitXMLReporter -->
<testsuite ignored="0" hostname="DESKTOP-O24RFCS" failures="0" tests="2" name="TEstes parametrizados" time="0.055" errors="0" timestamp="2020-11-10T11:31:16 BRT">
  <testcase classname="projeto.testeng.testparam.TestesParametrizados" name="cores" time="0.008"/>
  <testcase classname="projeto.testeng.testparam.TestesParametrizados" name="nome" time="0.003"/>
</testsuite> <!-- TEstes parametrizados -->
