<?xml version="1.0" encoding="UTF-8"?>
<!-- Generated by org.testng.reporters.JUnitXMLReporter -->
<testsuite ignored="1" hostname="DESKTOP-O24RFCS" failures="0" tests="2" name="Default test" time="0.085" errors="0" timestamp="2020-11-10T11:14:14 BRT">
  <testcase classname="projeto.testeng.testparam.ParamTests" name="names" time="0.006"/>
  <testcase classname="projeto.testeng.testparam.ParamTests" name="names" time="0.004"/>
  <testcase classname="projeto.testeng.testparam.ParamTests" name="color" time="0.0">
    <ignored/>
  </testcase> <!-- color -->
</testsuite> <!-- Default test -->
