<?xml version="1.0" encoding="UTF-8"?>
<!-- Generated by org.testng.reporters.JUnitXMLReporter -->
<testsuite ignored="1" hostname="DESKTOP-O24RFCS" failures="0" tests="2" name="Default test" time="0.101" errors="0" timestamp="2020-11-10T09:43:00 BRT">
  <testcase classname="projeto.testeng.tests.Tests" name="test2" time="0.01"/>
  <testcase classname="projeto.testeng.tests.Tests" name="test3" time="0.004"/>
  <testcase classname="projeto.testeng.tests.Tests" name="test" time="0.0">
    <ignored/>
  </testcase> <!-- test -->
</testsuite> <!-- Default test -->
