<?xml version="1.0" encoding="UTF-8"?>
<testng-results ignored="0" total="3" passed="3" failed="0" skipped="0">
  <reporter-output>
  </reporter-output>
  <suite started-at="2020-11-11T09:12:13 BRT" name="Suite Test Udemy" finished-at="2020-11-11T09:12:31 BRT" duration-ms="17863">
    <groups>
    </groups>
    <test started-at="2020-11-11T09:12:13 BRT" name="Suite de camada de Testes" finished-at="2020-11-11T09:12:31 BRT" duration-ms="17863">
      <class name="projeto.udemy.tests.TestNg">
        <test-method is-config="true" signature="openBrowser()[pri:0, instance:projeto.udemy.tests.TestNg@4df50bcc]" started-at="2020-11-11T09:12:13 BRT" name="openBrowser" finished-at="2020-11-11T09:12:22 BRT" duration-ms="8710" status="PASS">
          <reporter-output>
          </reporter-output>
        </test-method> <!-- openBrowser -->
        <test-method signature="login()[pri:0, instance:projeto.udemy.tests.TestNg@4df50bcc]" started-at="2020-11-11T09:12:22 BRT" name="login" finished-at="2020-11-11T09:12:24 BRT" duration-ms="1997" status="PASS">
          <reporter-output>
          </reporter-output>
        </test-method> <!-- login -->
        <test-method signature="register()[pri:0, instance:projeto.udemy.tests.TestNg@4df50bcc]" started-at="2020-11-11T09:12:24 BRT" name="register" finished-at="2020-11-11T09:12:28 BRT" duration-ms="4503" status="PASS">
          <reporter-output>
          </reporter-output>
        </test-method> <!-- register -->
        <test-method signature="reserveFlights()[pri:0, instance:projeto.udemy.tests.TestNg@4df50bcc]" started-at="2020-11-11T09:12:28 BRT" name="reserveFlights" finished-at="2020-11-11T09:12:31 BRT" duration-ms="2449" status="PASS">
          <reporter-output>
          </reporter-output>
        </test-method> <!-- reserveFlights -->
        <test-method is-config="true" signature="closeBrowser()[pri:0, instance:projeto.udemy.tests.TestNg@4df50bcc]" started-at="2020-11-11T09:12:31 BRT" name="closeBrowser" finished-at="2020-11-11T09:12:31 BRT" duration-ms="134" status="PASS">
          <reporter-output>
          </reporter-output>
        </test-method> <!-- closeBrowser -->
      </class> <!-- projeto.udemy.tests.TestNg -->
    </test> <!-- Suite de camada de Testes -->
  </suite> <!-- Suite Test Udemy -->
</testng-results>
